<?xml version="1.0" encoding="utf-8"?>
<TestRun id="9efd494a-8f5e-417f-a092-299f086621e3" name="Marcco@MARCCOPC 2025-09-30 18:57:04" runUser="MARCCOPC\Marcco" xmlns="http://microsoft.com/schemas/VisualStudio/TeamTest/2010">
  <Times creation="2025-09-30T18:57:04.6393281-07:00" queuing="2025-09-30T18:57:04.6393285-07:00" start="2025-09-30T18:57:02.4987450-07:00" finish="2025-09-30T18:57:04.6468231-07:00" />
  <TestSettings name="default" id="949805f5-0df5-4b14-8a60-58c9d4e397af">
    <Deployment runDeploymentRoot="Marcco_MARCCOPC_2025-09-30_18_57_04" />
  </TestSettings>
  <Results>
    <UnitTestResult executionId="1f19bdc4-d09c-4e07-b09d-9627250d196f" testId="273834f8-99c2-c7ce-b290-6aa9b67ee03f" testName="HSGalaxy.OCR.Tests.CompositeBuilderTests.Composite_Has_Gutters_And_Separators_With_Correct_Offsets" computerName="MARCCOPC" duration="00:00:00.0049930" startTime="2025-09-30T18:57:04.4636059-07:00" endTime="2025-09-30T18:57:04.4636063-07:00" testType="13cdc9d9-ddb5-4fa4-a97d-d965ccfc6d4b" outcome="Passed" testListId="8c84fa94-04c1-424b-9868-57a2d4851a1d" relativeResultsDirectory="1f19bdc4-d09c-4e07-b09d-9627250d196f" />
    <UnitTestResult executionId="eb2ccc9c-6ad4-44db-a23c-1a8bc6e79c36" testId="78472bd9-8f89-f5e3-9a87-d4469e5897c8" testName="HSGalaxy.OCR.Tests.CompositeBuilderTests.Pipeline_Maps_Lines_Back_To_Correct_ROI" computerName="MARCCOPC" duration="00:00:00.7344015" startTime="2025-09-30T18:57:04.4584077-07:00" endTime="2025-09-30T18:57:04.4584081-07:00" testType="13cdc9d9-ddb5-4fa4-a97d-d965ccfc6d4b" outcome="Passed" testListId="8c84fa94-04c1-424b-9868-57a2d4851a1d" relativeResultsDirectory="eb2ccc9c-6ad4-44db-a23c-1a8bc6e79c36" />
    <UnitTestResult executionId="1d985af3-eab3-4b46-a116-7540007320df" testId="dd48a152-8fe5-06b1-0624-1cf7608c4a11" testName="HSGalaxy.OCR.Tests.UnitTest1.Test1" computerName="MARCCOPC" duration="00:00:00.0037528" startTime="2025-09-30T18:57:03.7345367-07:00" endTime="2025-09-30T18:57:03.7345904-07:00" testType="13cdc9d9-ddb5-4fa4-a97d-d965ccfc6d4b" outcome="Passed" testListId="8c84fa94-04c1-424b-9868-57a2d4851a1d" relativeResultsDirectory="1d985af3-eab3-4b46-a116-7540007320df" />
  </Results>
  <TestDefinitions>
    <UnitTest name="HSGalaxy.OCR.Tests.CompositeBuilderTests.Composite_Has_Gutters_And_Separators_With_Correct_Offsets" storage="d:\cursor bots\hsgalaxy\tests\hsgalaxy.ocr.tests\bin\debug\net8.0\hsgalaxy.ocr.tests.dll" id="273834f8-99c2-c7ce-b290-6aa9b67ee03f">
      <Execution id="1f19bdc4-d09c-4e07-b09d-9627250d196f" />
      <TestMethod codeBase="D:\cursor bots\HSGalaxy\tests\HSGalaxy.OCR.Tests\bin\Debug\net8.0\HSGalaxy.OCR.Tests.dll" adapterTypeName="executor://xunit/VsTestRunner2/netcoreapp" className="HSGalaxy.OCR.Tests.CompositeBuilderTests" name="Composite_Has_Gutters_And_Separators_With_Correct_Offsets" />
    </UnitTest>
    <UnitTest name="HSGalaxy.OCR.Tests.CompositeBuilderTests.Pipeline_Maps_Lines_Back_To_Correct_ROI" storage="d:\cursor bots\hsgalaxy\tests\hsgalaxy.ocr.tests\bin\debug\net8.0\hsgalaxy.ocr.tests.dll" id="78472bd9-8f89-f5e3-9a87-d4469e5897c8">
      <Execution id="eb2ccc9c-6ad4-44db-a23c-1a8bc6e79c36" />
      <TestMethod codeBase="D:\cursor bots\HSGalaxy\tests\HSGalaxy.OCR.Tests\bin\Debug\net8.0\HSGalaxy.OCR.Tests.dll" adapterTypeName="executor://xunit/VsTestRunner2/netcoreapp" className="HSGalaxy.OCR.Tests.CompositeBuilderTests" name="Pipeline_Maps_Lines_Back_To_Correct_ROI" />
    </UnitTest>
    <UnitTest name="HSGalaxy.OCR.Tests.UnitTest1.Test1" storage="d:\cursor bots\hsgalaxy\tests\hsgalaxy.ocr.tests\bin\debug\net8.0\hsgalaxy.ocr.tests.dll" id="dd48a152-8fe5-06b1-0624-1cf7608c4a11">
      <Execution id="1d985af3-eab3-4b46-a116-7540007320df" />
      <TestMethod codeBase="D:\cursor bots\HSGalaxy\tests\HSGalaxy.OCR.Tests\bin\Debug\net8.0\HSGalaxy.OCR.Tests.dll" adapterTypeName="executor://xunit/VsTestRunner2/netcoreapp" className="HSGalaxy.OCR.Tests.UnitTest1" name="Test1" />
    </UnitTest>
  </TestDefinitions>
  <TestEntries>
    <TestEntry testId="273834f8-99c2-c7ce-b290-6aa9b67ee03f" executionId="1f19bdc4-d09c-4e07-b09d-9627250d196f" testListId="8c84fa94-04c1-424b-9868-57a2d4851a1d" />
    <TestEntry testId="78472bd9-8f89-f5e3-9a87-d4469e5897c8" executionId="eb2ccc9c-6ad4-44db-a23c-1a8bc6e79c36" testListId="8c84fa94-04c1-424b-9868-57a2d4851a1d" />
    <TestEntry testId="dd48a152-8fe5-06b1-0624-1cf7608c4a11" executionId="1d985af3-eab3-4b46-a116-7540007320df" testListId="8c84fa94-04c1-424b-9868-57a2d4851a1d" />
  </TestEntries>
  <TestLists>
    <TestList name="Results Not in a List" id="8c84fa94-04c1-424b-9868-57a2d4851a1d" />
    <TestList name="All Loaded Results" id="19431567-8539-422a-85d7-44ee4e166bda" />
  </TestLists>
  <ResultSummary outcome="Completed">
    <Counters total="3" executed="3" passed="3" failed="0" error="0" timeout="0" aborted="0" inconclusive="0" passedButRunAborted="0" notRunnable="0" notExecuted="0" disconnected="0" warning="0" completed="0" inProgress="0" pending="0" />
    <Output>
      <StdOut>[xUnit.net 00:00:00.00] xUnit.net VSTest Adapter v2.5.3.1+6b60a9e56a (64-bit .NET 8.0.17)&#xD;
[xUnit.net 00:00:00.15]   Discovering: HSGalaxy.OCR.Tests&#xD;
[xUnit.net 00:00:00.22]   Discovered:  HSGalaxy.OCR.Tests&#xD;
[xUnit.net 00:00:00.23]   Starting:    HSGalaxy.OCR.Tests&#xD;
[xUnit.net 00:00:01.06]   Finished:    HSGalaxy.OCR.Tests&#xD;
</StdOut>
    </Output>
  </ResultSummary>
</TestRun>